GROUP,PACKAGE,CLASS,INSTRUCTION_MISSED,INSTRUCTION_COVERED,BRANCH_MISSED,BRANCH_COVERED,LINE_MISSED,LINE_COVERED,COMPLEXITY_MISSED,COMPLEXITY_COVERED,METHOD_MISSED,METHOD_COVERED
io.github.handofgod94:jacoco-cov-badge-maven-plugin,io.github.handofgod94,MyMojo,13,113,0,0,4,24,0,3,0,3
io.github.handofgod94:jacoco-cov-badge-maven-plugin,io.github.handofgod94,Badge.CoverageCategory,0,54,0,0,0,6,0,1,0,1
io.github.handofgod94:jacoco-cov-badge-maven-plugin,io.github.handofgod94,Badge,37,55,0,0,6,15,1,6,1,6
io.github.handofgod94:jacoco-cov-badge-maven-plugin,io.github.handofgod94,BadgeUtility.new Object() {...},5,35,0,0,0,1,0,1,0,1
io.github.handofgod94:jacoco-cov-badge-maven-plugin,io.github.handofgod94,BadgeColors,0,81,0,0,0,11,0,3,0,3
io.github.handofgod94:jacoco-cov-badge-maven-plugin,io.github.handofgod94,BadgeUtility,43,174,26,20,18,36,27,7,1,6
io.github.handofgod94:jacoco-cov-badge-maven-plugin,io.github.handofgod94.service.format,SvgFormatter,0,16,0,0,0,6,0,2,0,2
io.github.handofgod94:jacoco-cov-badge-maven-plugin,io.github.handofgod94.service.format,PngFormatter,34,0,0,0,9,0,2,0,2,0
io.github.handofgod94:jacoco-cov-badge-maven-plugin,io.github.handofgod94.service.format,JpegFormatter,39,0,0,0,10,0,2,0,2,0
